mode: count
github.com/bootcamp-go/storage/internal/products/repository.go:20.43,22.2 1 1
github.com/bootcamp-go/storage/internal/products/repository.go:28.80,30.16 2 0
github.com/bootcamp-go/storage/internal/products/repository.go:33.2,37.16 4 0
github.com/bootcamp-go/storage/internal/products/repository.go:41.2,41.15 1 0
github.com/bootcamp-go/storage/internal/products/repository.go:30.16,32.3 1 0
github.com/bootcamp-go/storage/internal/products/repository.go:37.16,39.3 1 0
github.com/bootcamp-go/storage/internal/products/repository.go:44.86,46.16 2 1
github.com/bootcamp-go/storage/internal/products/repository.go:49.2,52.16 3 1
github.com/bootcamp-go/storage/internal/products/repository.go:56.2,57.18 2 1
github.com/bootcamp-go/storage/internal/products/repository.go:67.2,67.35 1 1
github.com/bootcamp-go/storage/internal/products/repository.go:71.2,71.22 1 1
github.com/bootcamp-go/storage/internal/products/repository.go:46.16,48.3 1 0
github.com/bootcamp-go/storage/internal/products/repository.go:52.16,54.3 1 0
github.com/bootcamp-go/storage/internal/products/repository.go:57.18,60.17 3 1
github.com/bootcamp-go/storage/internal/products/repository.go:64.3,64.33 1 1
github.com/bootcamp-go/storage/internal/products/repository.go:60.17,62.4 1 0
github.com/bootcamp-go/storage/internal/products/repository.go:67.35,69.3 1 0
github.com/bootcamp-go/storage/internal/products/repository.go:74.81,76.16 2 0
github.com/bootcamp-go/storage/internal/products/repository.go:79.2,82.16 3 0
github.com/bootcamp-go/storage/internal/products/repository.go:86.2,87.16 2 0
github.com/bootcamp-go/storage/internal/products/repository.go:91.2,91.21 1 0
github.com/bootcamp-go/storage/internal/products/repository.go:76.16,78.3 1 0
github.com/bootcamp-go/storage/internal/products/repository.go:82.16,84.3 1 0
github.com/bootcamp-go/storage/internal/products/repository.go:87.16,89.3 1 0
github.com/bootcamp-go/storage/internal/products/repository.go:94.91,96.16 2 0
github.com/bootcamp-go/storage/internal/products/repository.go:99.2,103.16 4 0
github.com/bootcamp-go/storage/internal/products/repository.go:107.2,107.21 1 0
github.com/bootcamp-go/storage/internal/products/repository.go:96.16,98.3 1 0
github.com/bootcamp-go/storage/internal/products/repository.go:103.16,105.3 1 0
github.com/bootcamp-go/storage/internal/products/repository.go:110.75,112.16 2 0
github.com/bootcamp-go/storage/internal/products/repository.go:115.2,118.16 3 0
github.com/bootcamp-go/storage/internal/products/repository.go:122.2,122.12 1 0
github.com/bootcamp-go/storage/internal/products/repository.go:112.16,114.3 1 0
github.com/bootcamp-go/storage/internal/products/repository.go:118.16,120.3 1 0
github.com/bootcamp-go/storage/internal/products/repository.go:125.63,129.2 3 0
github.com/bootcamp-go/storage/internal/products/service.go:22.39,24.2 1 0
github.com/bootcamp-go/storage/internal/products/service.go:26.77,28.2 1 0
github.com/bootcamp-go/storage/internal/products/service.go:30.83,32.2 1 0
github.com/bootcamp-go/storage/internal/products/service.go:34.78,36.2 1 0
github.com/bootcamp-go/storage/internal/products/service.go:38.88,40.2 1 0
github.com/bootcamp-go/storage/internal/products/service.go:42.72,43.37 1 0
github.com/bootcamp-go/storage/internal/products/service.go:47.2,48.16 2 0
github.com/bootcamp-go/storage/internal/products/service.go:52.2,52.18 1 0
github.com/bootcamp-go/storage/internal/products/service.go:56.2,56.18 1 0
github.com/bootcamp-go/storage/internal/products/service.go:60.2,60.18 1 0
github.com/bootcamp-go/storage/internal/products/service.go:64.2,64.18 1 0
github.com/bootcamp-go/storage/internal/products/service.go:68.2,68.24 1 0
github.com/bootcamp-go/storage/internal/products/service.go:72.2,72.36 1 0
github.com/bootcamp-go/storage/internal/products/service.go:43.37,45.3 1 0
github.com/bootcamp-go/storage/internal/products/service.go:48.16,50.3 1 0
github.com/bootcamp-go/storage/internal/products/service.go:52.18,54.3 1 0
github.com/bootcamp-go/storage/internal/products/service.go:56.18,58.3 1 0
github.com/bootcamp-go/storage/internal/products/service.go:60.18,62.3 1 0
github.com/bootcamp-go/storage/internal/products/service.go:64.18,66.3 1 0
github.com/bootcamp-go/storage/internal/products/service.go:68.24,70.3 1 0
