mode: set
github.com/bootcamp-go/wave-5-backpack/internal/users/repository.go:29.47,33.2 1 1
github.com/bootcamp-go/wave-5-backpack/internal/users/repository.go:38.54,40.45 2 1
github.com/bootcamp-go/wave-5-backpack/internal/users/repository.go:43.2,43.22 1 1
github.com/bootcamp-go/wave-5-backpack/internal/users/repository.go:40.45,42.3 1 1
github.com/bootcamp-go/wave-5-backpack/internal/users/repository.go:45.59,48.16 2 0
github.com/bootcamp-go/wave-5-backpack/internal/users/repository.go:51.2,51.29 1 0
github.com/bootcamp-go/wave-5-backpack/internal/users/repository.go:57.2,57.52 1 0
github.com/bootcamp-go/wave-5-backpack/internal/users/repository.go:48.16,50.3 1 0
github.com/bootcamp-go/wave-5-backpack/internal/users/repository.go:51.29,52.17 1 0
github.com/bootcamp-go/wave-5-backpack/internal/users/repository.go:52.17,54.4 1 0
github.com/bootcamp-go/wave-5-backpack/internal/users/repository.go:59.47,61.16 2 1
github.com/bootcamp-go/wave-5-backpack/internal/users/repository.go:64.2,64.26 1 1
github.com/bootcamp-go/wave-5-backpack/internal/users/repository.go:71.2,71.45 1 1
github.com/bootcamp-go/wave-5-backpack/internal/users/repository.go:75.2,75.12 1 1
github.com/bootcamp-go/wave-5-backpack/internal/users/repository.go:61.16,63.3 1 0
github.com/bootcamp-go/wave-5-backpack/internal/users/repository.go:64.26,65.27 1 1
github.com/bootcamp-go/wave-5-backpack/internal/users/repository.go:65.27,67.9 2 1
github.com/bootcamp-go/wave-5-backpack/internal/users/repository.go:71.45,73.3 1 0
github.com/bootcamp-go/wave-5-backpack/internal/users/repository.go:78.44,80.16 2 0
github.com/bootcamp-go/wave-5-backpack/internal/users/repository.go:83.2,83.24 1 0
github.com/bootcamp-go/wave-5-backpack/internal/users/repository.go:87.2,87.42 1 0
github.com/bootcamp-go/wave-5-backpack/internal/users/repository.go:80.16,82.3 1 0
github.com/bootcamp-go/wave-5-backpack/internal/users/repository.go:83.24,85.3 1 0
github.com/bootcamp-go/wave-5-backpack/internal/users/repository.go:90.148,92.16 2 0
github.com/bootcamp-go/wave-5-backpack/internal/users/repository.go:95.2,107.45 3 0
github.com/bootcamp-go/wave-5-backpack/internal/users/repository.go:110.2,110.21 1 0
github.com/bootcamp-go/wave-5-backpack/internal/users/repository.go:92.16,94.3 1 0
github.com/bootcamp-go/wave-5-backpack/internal/users/repository.go:107.45,109.3 1 0
github.com/bootcamp-go/wave-5-backpack/internal/users/repository.go:113.149,115.16 2 1
github.com/bootcamp-go/wave-5-backpack/internal/users/repository.go:119.2,129.30 2 1
github.com/bootcamp-go/wave-5-backpack/internal/users/repository.go:138.2,138.52 1 0
github.com/bootcamp-go/wave-5-backpack/internal/users/repository.go:115.16,117.3 1 1
github.com/bootcamp-go/wave-5-backpack/internal/users/repository.go:129.30,130.31 1 1
github.com/bootcamp-go/wave-5-backpack/internal/users/repository.go:130.31,132.47 2 1
github.com/bootcamp-go/wave-5-backpack/internal/users/repository.go:135.4,135.23 1 1
github.com/bootcamp-go/wave-5-backpack/internal/users/repository.go:132.47,134.5 1 1
github.com/bootcamp-go/wave-5-backpack/internal/users/repository.go:142.99,144.16 2 0
github.com/bootcamp-go/wave-5-backpack/internal/users/repository.go:149.2,149.30 1 0
github.com/bootcamp-go/wave-5-backpack/internal/users/repository.go:160.2,160.42 1 0
github.com/bootcamp-go/wave-5-backpack/internal/users/repository.go:144.16,146.3 1 0
github.com/bootcamp-go/wave-5-backpack/internal/users/repository.go:149.30,150.31 1 0
github.com/bootcamp-go/wave-5-backpack/internal/users/repository.go:150.31,154.47 3 0
github.com/bootcamp-go/wave-5-backpack/internal/users/repository.go:157.4,157.32 1 0
github.com/bootcamp-go/wave-5-backpack/internal/users/repository.go:154.47,156.5 1 0
github.com/bootcamp-go/wave-5-backpack/internal/users/service.go:22.39,26.2 1 1
github.com/bootcamp-go/wave-5-backpack/internal/users/service.go:28.51,30.16 2 1
github.com/bootcamp-go/wave-5-backpack/internal/users/service.go:33.2,33.16 1 1
github.com/bootcamp-go/wave-5-backpack/internal/users/service.go:30.16,32.3 1 0
github.com/bootcamp-go/wave-5-backpack/internal/users/service.go:36.56,38.16 2 0
github.com/bootcamp-go/wave-5-backpack/internal/users/service.go:42.2,42.18 1 0
github.com/bootcamp-go/wave-5-backpack/internal/users/service.go:38.16,40.3 1 0
github.com/bootcamp-go/wave-5-backpack/internal/users/service.go:45.137,47.16 2 0
github.com/bootcamp-go/wave-5-backpack/internal/users/service.go:51.2,55.16 3 0
github.com/bootcamp-go/wave-5-backpack/internal/users/service.go:59.2,59.21 1 0
github.com/bootcamp-go/wave-5-backpack/internal/users/service.go:47.16,49.3 1 0
github.com/bootcamp-go/wave-5-backpack/internal/users/service.go:55.16,57.3 1 0
github.com/bootcamp-go/wave-5-backpack/internal/users/service.go:61.146,64.16 2 1
github.com/bootcamp-go/wave-5-backpack/internal/users/service.go:68.2,68.25 1 1
github.com/bootcamp-go/wave-5-backpack/internal/users/service.go:64.16,66.3 1 1
github.com/bootcamp-go/wave-5-backpack/internal/users/service.go:71.44,73.16 2 1
github.com/bootcamp-go/wave-5-backpack/internal/users/service.go:76.2,76.12 1 1
github.com/bootcamp-go/wave-5-backpack/internal/users/service.go:73.16,75.3 1 0
github.com/bootcamp-go/wave-5-backpack/internal/users/service.go:80.94,82.16 2 0
github.com/bootcamp-go/wave-5-backpack/internal/users/service.go:85.2,85.25 1 0
github.com/bootcamp-go/wave-5-backpack/internal/users/service.go:82.16,84.3 1 0
