mode: count
github.com/bootcamp-go/storage/internal/products/service.go:22.39,24.2 1 0
github.com/bootcamp-go/storage/internal/products/service.go:26.77,28.2 1 0
github.com/bootcamp-go/storage/internal/products/service.go:30.83,32.2 1 0
github.com/bootcamp-go/storage/internal/products/service.go:34.78,36.2 1 0
github.com/bootcamp-go/storage/internal/products/service.go:38.88,40.2 1 0
github.com/bootcamp-go/storage/internal/products/service.go:42.72,43.37 1 0
github.com/bootcamp-go/storage/internal/products/service.go:47.2,48.16 2 0
github.com/bootcamp-go/storage/internal/products/service.go:52.2,52.18 1 0
github.com/bootcamp-go/storage/internal/products/service.go:56.2,56.18 1 0
github.com/bootcamp-go/storage/internal/products/service.go:60.2,60.18 1 0
github.com/bootcamp-go/storage/internal/products/service.go:64.2,64.18 1 0
github.com/bootcamp-go/storage/internal/products/service.go:68.2,68.24 1 0
github.com/bootcamp-go/storage/internal/products/service.go:72.2,72.36 1 0
github.com/bootcamp-go/storage/internal/products/service.go:43.37,45.3 1 0
github.com/bootcamp-go/storage/internal/products/service.go:48.16,50.3 1 0
github.com/bootcamp-go/storage/internal/products/service.go:52.18,54.3 1 0
github.com/bootcamp-go/storage/internal/products/service.go:56.18,58.3 1 0
github.com/bootcamp-go/storage/internal/products/service.go:60.18,62.3 1 0
github.com/bootcamp-go/storage/internal/products/service.go:64.18,66.3 1 0
github.com/bootcamp-go/storage/internal/products/service.go:68.24,70.3 1 0
github.com/bootcamp-go/storage/internal/products/repository.go:21.43,23.2 1 6
github.com/bootcamp-go/storage/internal/products/repository.go:29.80,31.16 2 4
github.com/bootcamp-go/storage/internal/products/repository.go:34.2,38.16 4 4
github.com/bootcamp-go/storage/internal/products/repository.go:42.2,42.15 1 3
github.com/bootcamp-go/storage/internal/products/repository.go:31.16,33.3 1 0
github.com/bootcamp-go/storage/internal/products/repository.go:38.16,40.3 1 1
github.com/bootcamp-go/storage/internal/products/repository.go:45.86,47.16 2 2
github.com/bootcamp-go/storage/internal/products/repository.go:50.2,53.16 3 2
github.com/bootcamp-go/storage/internal/products/repository.go:57.2,58.18 2 2
github.com/bootcamp-go/storage/internal/products/repository.go:68.2,68.35 1 2
github.com/bootcamp-go/storage/internal/products/repository.go:72.2,72.22 1 2
github.com/bootcamp-go/storage/internal/products/repository.go:47.16,49.3 1 0
github.com/bootcamp-go/storage/internal/products/repository.go:53.16,55.3 1 0
github.com/bootcamp-go/storage/internal/products/repository.go:58.18,61.17 3 1
github.com/bootcamp-go/storage/internal/products/repository.go:65.3,65.33 1 1
github.com/bootcamp-go/storage/internal/products/repository.go:61.17,63.4 1 0
github.com/bootcamp-go/storage/internal/products/repository.go:68.35,70.3 1 0
github.com/bootcamp-go/storage/internal/products/repository.go:75.81,77.16 2 5
github.com/bootcamp-go/storage/internal/products/repository.go:80.2,83.16 3 5
github.com/bootcamp-go/storage/internal/products/repository.go:87.2,88.16 2 4
github.com/bootcamp-go/storage/internal/products/repository.go:92.2,92.21 1 4
github.com/bootcamp-go/storage/internal/products/repository.go:77.16,79.3 1 0
github.com/bootcamp-go/storage/internal/products/repository.go:83.16,85.3 1 1
github.com/bootcamp-go/storage/internal/products/repository.go:88.16,90.3 1 0
github.com/bootcamp-go/storage/internal/products/repository.go:95.91,97.16 2 0
github.com/bootcamp-go/storage/internal/products/repository.go:100.2,104.16 4 0
github.com/bootcamp-go/storage/internal/products/repository.go:108.2,108.21 1 0
github.com/bootcamp-go/storage/internal/products/repository.go:97.16,99.3 1 0
github.com/bootcamp-go/storage/internal/products/repository.go:104.16,106.3 1 0
github.com/bootcamp-go/storage/internal/products/repository.go:116.75,118.16 2 1
github.com/bootcamp-go/storage/internal/products/repository.go:121.2,124.16 3 1
github.com/bootcamp-go/storage/internal/products/repository.go:128.2,129.16 2 1
github.com/bootcamp-go/storage/internal/products/repository.go:133.2,133.12 1 1
github.com/bootcamp-go/storage/internal/products/repository.go:118.16,120.3 1 0
github.com/bootcamp-go/storage/internal/products/repository.go:124.16,126.3 1 0
github.com/bootcamp-go/storage/internal/products/repository.go:129.16,131.3 1 0
github.com/bootcamp-go/storage/internal/products/repository.go:136.64,138.16 2 1
github.com/bootcamp-go/storage/internal/products/repository.go:141.2,144.16 3 1
github.com/bootcamp-go/storage/internal/products/repository.go:148.2,148.12 1 1
github.com/bootcamp-go/storage/internal/products/repository.go:138.16,140.3 1 0
github.com/bootcamp-go/storage/internal/products/repository.go:144.16,146.3 1 0
github.com/bootcamp-go/storage/internal/products/repository.go:151.63,155.2 3 0
